Analysis & Synthesis report for Projeto2
Tue Apr 06 21:21:59 2021
Quartus Prime Version 20.1.1 Build 720 11/11/2020 SJ Lite Edition


---------------------
; Table of Contents ;
---------------------
  1. Legal Notice
  2. Analysis & Synthesis Summary
  3. Analysis & Synthesis Settings
  4. Parallel Compilation
  5. Analysis & Synthesis Source Files Read
  6. Analysis & Synthesis Resource Usage Summary
  7. Analysis & Synthesis Resource Utilization by Entity
  8. State Machine - |testecontdisp|lcd_example:inst|lcd_controller_v2_1:dut|state
  9. Logic Cells Representing Combinational Loops
 10. Registers Removed During Synthesis
 11. Removed Registers Triggering Further Register Optimizations
 12. General Register Statistics
 13. Inverted Register Statistics
 14. Multiplexer Restructuring Statistics (Restructuring Performed)
 15. Parameter Settings for User Entity Instance: debounce:inst8
 16. Parameter Settings for User Entity Instance: debounce:inst9
 17. Parameter Settings for User Entity Instance: debounce:inst10
 18. Parameter Settings for User Entity Instance: debounce:inst11
 19. Port Connectivity Checks: "lcd_example:inst|lcd_controller_v2_1:dut"
 20. Post-Synthesis Netlist Statistics for Top Partition
 21. Elapsed Time Per Partition
 22. Analysis & Synthesis Messages



----------------
; Legal Notice ;
----------------
Copyright (C) 2020  Intel Corporation. All rights reserved.
Your use of Intel Corporation's design tools, logic functions 
and other software and tools, and any partner logic 
functions, and any output files from any of the foregoing 
(including device programming or simulation files), and any 
associated documentation or information are expressly subject 
to the terms and conditions of the Intel Program License 
Subscription Agreement, the Intel Quartus Prime License Agreement,
the Intel FPGA IP License Agreement, or other applicable license
agreement, including, without limitation, that your use is for
the sole purpose of programming logic devices manufactured by
Intel and sold by Intel or its authorized distributors.  Please
refer to the applicable agreement for further details, at
https://fpgasoftware.intel.com/eula.



+----------------------------------------------------------------------------------+
; Analysis & Synthesis Summary                                                     ;
+------------------------------------+---------------------------------------------+
; Analysis & Synthesis Status        ; Successful - Tue Apr 06 21:21:59 2021       ;
; Quartus Prime Version              ; 20.1.1 Build 720 11/11/2020 SJ Lite Edition ;
; Revision Name                      ; Projeto2                                    ;
; Top-level Entity Name              ; testecontdisp                               ;
; Family                             ; Cyclone IV E                                ;
; Total logic elements               ; 588                                         ;
;     Total combinational functions  ; 580                                         ;
;     Dedicated logic registers      ; 235                                         ;
; Total registers                    ; 235                                         ;
; Total pins                         ; 16                                          ;
; Total virtual pins                 ; 0                                           ;
; Total memory bits                  ; 0                                           ;
; Embedded Multiplier 9-bit elements ; 0                                           ;
; Total PLLs                         ; 0                                           ;
+------------------------------------+---------------------------------------------+


+------------------------------------------------------------------------------------------------------------+
; Analysis & Synthesis Settings                                                                              ;
+------------------------------------------------------------------+--------------------+--------------------+
; Option                                                           ; Setting            ; Default Value      ;
+------------------------------------------------------------------+--------------------+--------------------+
; Device                                                           ; EP4CE6E22C8        ;                    ;
; Top-level entity name                                            ; testecontdisp      ; Projeto2           ;
; Family name                                                      ; Cyclone IV E       ; Cyclone V          ;
; Use smart compilation                                            ; Off                ; Off                ;
; Enable parallel Assembler and Timing Analyzer during compilation ; On                 ; On                 ;
; Enable compact report table                                      ; Off                ; Off                ;
; Restructure Multiplexers                                         ; Auto               ; Auto               ;
; Create Debugging Nodes for IP Cores                              ; Off                ; Off                ;
; Preserve fewer node names                                        ; On                 ; On                 ;
; Intel FPGA IP Evaluation Mode                                    ; Enable             ; Enable             ;
; Verilog Version                                                  ; Verilog_2001       ; Verilog_2001       ;
; VHDL Version                                                     ; VHDL_1993          ; VHDL_1993          ;
; State Machine Processing                                         ; Auto               ; Auto               ;
; Safe State Machine                                               ; Off                ; Off                ;
; Extract Verilog State Machines                                   ; On                 ; On                 ;
; Extract VHDL State Machines                                      ; On                 ; On                 ;
; Ignore Verilog initial constructs                                ; Off                ; Off                ;
; Iteration limit for constant Verilog loops                       ; 5000               ; 5000               ;
; Iteration limit for non-constant Verilog loops                   ; 250                ; 250                ;
; Add Pass-Through Logic to Inferred RAMs                          ; On                 ; On                 ;
; Infer RAMs from Raw Logic                                        ; On                 ; On                 ;
; Parallel Synthesis                                               ; On                 ; On                 ;
; DSP Block Balancing                                              ; Auto               ; Auto               ;
; NOT Gate Push-Back                                               ; On                 ; On                 ;
; Power-Up Don't Care                                              ; On                 ; On                 ;
; Remove Redundant Logic Cells                                     ; Off                ; Off                ;
; Remove Duplicate Registers                                       ; On                 ; On                 ;
; Ignore CARRY Buffers                                             ; Off                ; Off                ;
; Ignore CASCADE Buffers                                           ; Off                ; Off                ;
; Ignore GLOBAL Buffers                                            ; Off                ; Off                ;
; Ignore ROW GLOBAL Buffers                                        ; Off                ; Off                ;
; Ignore LCELL Buffers                                             ; Off                ; Off                ;
; Ignore SOFT Buffers                                              ; On                 ; On                 ;
; Limit AHDL Integers to 32 Bits                                   ; Off                ; Off                ;
; Optimization Technique                                           ; Balanced           ; Balanced           ;
; Carry Chain Length                                               ; 70                 ; 70                 ;
; Auto Carry Chains                                                ; On                 ; On                 ;
; Auto Open-Drain Pins                                             ; On                 ; On                 ;
; Perform WYSIWYG Primitive Resynthesis                            ; Off                ; Off                ;
; Auto ROM Replacement                                             ; On                 ; On                 ;
; Auto RAM Replacement                                             ; On                 ; On                 ;
; Auto DSP Block Replacement                                       ; On                 ; On                 ;
; Auto Shift Register Replacement                                  ; Auto               ; Auto               ;
; Allow Shift Register Merging across Hierarchies                  ; Auto               ; Auto               ;
; Auto Clock Enable Replacement                                    ; On                 ; On                 ;
; Strict RAM Replacement                                           ; Off                ; Off                ;
; Allow Synchronous Control Signals                                ; On                 ; On                 ;
; Force Use of Synchronous Clear Signals                           ; Off                ; Off                ;
; Auto RAM Block Balancing                                         ; On                 ; On                 ;
; Auto RAM to Logic Cell Conversion                                ; Off                ; Off                ;
; Auto Resource Sharing                                            ; Off                ; Off                ;
; Allow Any RAM Size For Recognition                               ; Off                ; Off                ;
; Allow Any ROM Size For Recognition                               ; Off                ; Off                ;
; Allow Any Shift Register Size For Recognition                    ; Off                ; Off                ;
; Use LogicLock Constraints during Resource Balancing              ; On                 ; On                 ;
; Ignore translate_off and synthesis_off directives                ; Off                ; Off                ;
; Timing-Driven Synthesis                                          ; On                 ; On                 ;
; Report Parameter Settings                                        ; On                 ; On                 ;
; Report Source Assignments                                        ; On                 ; On                 ;
; Report Connectivity Checks                                       ; On                 ; On                 ;
; Ignore Maximum Fan-Out Assignments                               ; Off                ; Off                ;
; Synchronization Register Chain Length                            ; 2                  ; 2                  ;
; Power Optimization During Synthesis                              ; Normal compilation ; Normal compilation ;
; HDL message level                                                ; Level2             ; Level2             ;
; Suppress Register Optimization Related Messages                  ; Off                ; Off                ;
; Number of Removed Registers Reported in Synthesis Report         ; 5000               ; 5000               ;
; Number of Swept Nodes Reported in Synthesis Report               ; 5000               ; 5000               ;
; Number of Inverted Registers Reported in Synthesis Report        ; 100                ; 100                ;
; Clock MUX Protection                                             ; On                 ; On                 ;
; Auto Gated Clock Conversion                                      ; Off                ; Off                ;
; Block Design Naming                                              ; Auto               ; Auto               ;
; SDC constraint protection                                        ; Off                ; Off                ;
; Synthesis Effort                                                 ; Auto               ; Auto               ;
; Shift Register Replacement - Allow Asynchronous Clear Signal     ; On                 ; On                 ;
; Pre-Mapping Resynthesis Optimization                             ; Off                ; Off                ;
; Analysis & Synthesis Message Level                               ; Medium             ; Medium             ;
; Disable Register Merging Across Hierarchies                      ; Auto               ; Auto               ;
; Resource Aware Inference For Block RAM                           ; On                 ; On                 ;
+------------------------------------------------------------------+--------------------+--------------------+


+------------------------------------------+
; Parallel Compilation                     ;
+----------------------------+-------------+
; Processors                 ; Number      ;
+----------------------------+-------------+
; Number detected on machine ; 4           ;
; Maximum allowed            ; 4           ;
;                            ;             ;
; Average used               ; 1.00        ;
; Maximum used               ; 4           ;
;                            ;             ;
; Usage by Processor         ; % Time Used ;
;     Processor 1            ; 100.0%      ;
;     Processor 2            ;   0.0%      ;
;     Processors 3-4         ;   0.0%      ;
+----------------------------+-------------+


+-------------------------------------------------------------------------------------------------------------------------------------------------------------+
; Analysis & Synthesis Source Files Read                                                                                                                      ;
+----------------------------------+-----------------+------------------------------------+---------------------------------------------------------+---------+
; File Name with User-Entered Path ; Used in Netlist ; File Type                          ; File Name with Absolute Path                            ; Library ;
+----------------------------------+-----------------+------------------------------------+---------------------------------------------------------+---------+
; lcd_controller_v2_1.vhd          ; yes             ; User VHDL File                     ; D:/Estudo/Eletrônica Digital/P2/lcd_controller_v2_1.vhd ;         ;
; contador_relogio.vhd             ; yes             ; User VHDL File                     ; D:/Estudo/Eletrônica Digital/P2/contador_relogio.vhd    ;         ;
; divisor.vhd                      ; yes             ; User VHDL File                     ; D:/Estudo/Eletrônica Digital/P2/divisor.vhd             ;         ;
; menu.vhd                         ; yes             ; User VHDL File                     ; D:/Estudo/Eletrônica Digital/P2/menu.vhd                ;         ;
; divisor2s.vhd                    ; yes             ; User VHDL File                     ; D:/Estudo/Eletrônica Digital/P2/divisor2s.vhd           ;         ;
; lcd_example.vhd                  ; yes             ; User VHDL File                     ; D:/Estudo/Eletrônica Digital/P2/lcd_example.vhd         ;         ;
; testecontdisp.bdf                ; yes             ; User Block Diagram/Schematic File  ; D:/Estudo/Eletrônica Digital/P2/testecontdisp.bdf       ;         ;
; comparadorpre.vhd                ; yes             ; User VHDL File                     ; D:/Estudo/Eletrônica Digital/P2/comparadorpre.vhd       ;         ;
; alarme2.vhd                      ; yes             ; User VHDL File                     ; D:/Estudo/Eletrônica Digital/P2/alarme2.vhd             ;         ;
; alarme3.vhd                      ; yes             ; User VHDL File                     ; D:/Estudo/Eletrônica Digital/P2/alarme3.vhd             ;         ;
; debounce.vhd                     ; yes             ; Auto-Found VHDL File               ; D:/Estudo/Eletrônica Digital/P2/debounce.vhd            ;         ;
+----------------------------------+-----------------+------------------------------------+---------------------------------------------------------+---------+


+-----------------------------------------------------------+
; Analysis & Synthesis Resource Usage Summary               ;
+---------------------------------------------+-------------+
; Resource                                    ; Usage       ;
+---------------------------------------------+-------------+
; Estimated Total logic elements              ; 588         ;
;                                             ;             ;
; Total combinational functions               ; 580         ;
; Logic element usage by number of LUT inputs ;             ;
;     -- 4 input functions                    ; 252         ;
;     -- 3 input functions                    ; 65          ;
;     -- <=2 input functions                  ; 263         ;
;                                             ;             ;
; Logic elements by mode                      ;             ;
;     -- normal mode                          ; 422         ;
;     -- arithmetic mode                      ; 158         ;
;                                             ;             ;
; Total registers                             ; 235         ;
;     -- Dedicated logic registers            ; 235         ;
;     -- I/O registers                        ; 0           ;
;                                             ;             ;
; I/O pins                                    ; 16          ;
;                                             ;             ;
; Embedded Multiplier 9-bit elements          ; 0           ;
;                                             ;             ;
; Maximum fan-out node                        ; clock~input ;
; Maximum fan-out                             ; 204         ;
; Total fan-out                               ; 2407        ;
; Average fan-out                             ; 2.84        ;
+---------------------------------------------+-------------+


+-----------------------------------------------------------------------------------------------------------------------------------------------------------------------------------------------------------------------------------------------------------+
; Analysis & Synthesis Resource Utilization by Entity                                                                                                                                                                                                       ;
+---------------------------------+---------------------+---------------------------+-------------+--------------+---------+-----------+------+--------------+---------------------------------------------------------+---------------------+--------------+
; Compilation Hierarchy Node      ; Combinational ALUTs ; Dedicated Logic Registers ; Memory Bits ; DSP Elements ; DSP 9x9 ; DSP 18x18 ; Pins ; Virtual Pins ; Full Hierarchy Name                                     ; Entity Name         ; Library Name ;
+---------------------------------+---------------------+---------------------------+-------------+--------------+---------+-----------+------+--------------+---------------------------------------------------------+---------------------+--------------+
; |testecontdisp                  ; 580 (0)             ; 235 (0)                   ; 0           ; 0            ; 0       ; 0         ; 16   ; 0            ; |testecontdisp                                          ; testecontdisp       ; work         ;
;    |alarme2:inst5|              ; 14 (14)             ; 4 (4)                     ; 0           ; 0            ; 0       ; 0         ; 0    ; 0            ; |testecontdisp|alarme2:inst5                            ; alarme2             ; work         ;
;    |comparadorpre:inst13|       ; 8 (8)               ; 4 (4)                     ; 0           ; 0            ; 0       ; 0         ; 0    ; 0            ; |testecontdisp|comparadorpre:inst13                     ; comparadorpre       ; work         ;
;    |contador_relogio:gf|        ; 34 (34)             ; 20 (20)                   ; 0           ; 0            ; 0       ; 0         ; 0    ; 0            ; |testecontdisp|contador_relogio:gf                      ; contador_relogio    ; work         ;
;    |debounce:inst10|            ; 26 (26)             ; 22 (22)                   ; 0           ; 0            ; 0       ; 0         ; 0    ; 0            ; |testecontdisp|debounce:inst10                          ; debounce            ; work         ;
;    |debounce:inst11|            ; 26 (26)             ; 22 (22)                   ; 0           ; 0            ; 0       ; 0         ; 0    ; 0            ; |testecontdisp|debounce:inst11                          ; debounce            ; work         ;
;    |debounce:inst8|             ; 26 (26)             ; 22 (22)                   ; 0           ; 0            ; 0       ; 0         ; 0    ; 0            ; |testecontdisp|debounce:inst8                           ; debounce            ; work         ;
;    |debounce:inst9|             ; 26 (26)             ; 22 (22)                   ; 0           ; 0            ; 0       ; 0         ; 0    ; 0            ; |testecontdisp|debounce:inst9                           ; debounce            ; work         ;
;    |divisor2s:inst1|            ; 49 (49)             ; 27 (27)                   ; 0           ; 0            ; 0       ; 0         ; 0    ; 0            ; |testecontdisp|divisor2s:inst1                          ; divisor2s           ; work         ;
;    |divisor:inst2|              ; 45 (45)             ; 27 (27)                   ; 0           ; 0            ; 0       ; 0         ; 0    ; 0            ; |testecontdisp|divisor:inst2                            ; divisor             ; work         ;
;    |lcd_example:inst|           ; 322 (136)           ; 62 (15)                   ; 0           ; 0            ; 0       ; 0         ; 0    ; 0            ; |testecontdisp|lcd_example:inst                         ; lcd_example         ; work         ;
;       |lcd_controller_v2_1:dut| ; 186 (186)           ; 47 (47)                   ; 0           ; 0            ; 0       ; 0         ; 0    ; 0            ; |testecontdisp|lcd_example:inst|lcd_controller_v2_1:dut ; lcd_controller_v2_1 ; work         ;
;    |menu:inst4|                 ; 4 (4)               ; 3 (3)                     ; 0           ; 0            ; 0       ; 0         ; 0    ; 0            ; |testecontdisp|menu:inst4                               ; menu                ; work         ;
+---------------------------------+---------------------+---------------------------+-------------+--------------+---------+-----------+------+--------------+---------------------------------------------------------+---------------------+--------------+
Note: For table entries with two numbers listed, the numbers in parentheses indicate the number of resources of the given type used by the specific entity alone. The numbers listed outside of parentheses indicate the total resources of the given type used by the specific entity and all of its sub-entities in the hierarchy.


Encoding Type:  One-Hot
+---------------------------------------------------------------------------------+
; State Machine - |testecontdisp|lcd_example:inst|lcd_controller_v2_1:dut|state   ;
+------------------+------------+-------------+------------------+----------------+
; Name             ; state.send ; state.ready ; state.initialize ; state.power_up ;
+------------------+------------+-------------+------------------+----------------+
; state.power_up   ; 0          ; 0           ; 0                ; 0              ;
; state.initialize ; 0          ; 0           ; 1                ; 1              ;
; state.ready      ; 0          ; 1           ; 0                ; 1              ;
; state.send       ; 1          ; 0           ; 0                ; 1              ;
+------------------+------------+-------------+------------------+----------------+


+------------------------------------------------------------+
; Logic Cells Representing Combinational Loops               ;
+--------------------------------------------------------+---+
; Logic Cell Name                                        ;   ;
+--------------------------------------------------------+---+
; comparadorpre:inst13|igual                             ;   ;
; alarme2:inst5|igual                                    ;   ;
; Number of logic cells representing combinational loops ; 2 ;
+--------------------------------------------------------+---+
Note: All cells listed above may not be present at the end of synthesis due to various synthesis optimizations.


+--------------------------------------------------------------------------------------+
; Registers Removed During Synthesis                                                   ;
+---------------------------------------------+----------------------------------------+
; Register name                               ; Reason for Removal                     ;
+---------------------------------------------+----------------------------------------+
; lcd_example:inst|lcd_bus[8]                 ; Stuck at GND due to stuck port data_in ;
; lcd_example:inst|char[5]                    ; Stuck at GND due to stuck port data_in ;
; lcd_example:inst|lcd_controller_v2_1:dut|rw ; Stuck at GND due to stuck port data_in ;
; Total Number of Removed Registers = 3       ;                                        ;
+---------------------------------------------+----------------------------------------+


+-------------------------------------------------------------------------------------------------------+
; Removed Registers Triggering Further Register Optimizations                                           ;
+-----------------------------+---------------------------+---------------------------------------------+
; Register name               ; Reason for Removal        ; Registers Removed due to This Register      ;
+-----------------------------+---------------------------+---------------------------------------------+
; lcd_example:inst|lcd_bus[8] ; Stuck at GND              ; lcd_example:inst|lcd_controller_v2_1:dut|rw ;
;                             ; due to stuck port data_in ;                                             ;
+-----------------------------+---------------------------+---------------------------------------------+


+------------------------------------------------------+
; General Register Statistics                          ;
+----------------------------------------------+-------+
; Statistic                                    ; Value ;
+----------------------------------------------+-------+
; Total registers                              ; 235   ;
; Number of registers using Synchronous Clear  ; 77    ;
; Number of registers using Synchronous Load   ; 5     ;
; Number of registers using Asynchronous Clear ; 0     ;
; Number of registers using Asynchronous Load  ; 0     ;
; Number of registers using Clock Enable       ; 110   ;
; Number of registers using Preset             ; 0     ;
+----------------------------------------------+-------+


+---------------------------------------------------------+
; Inverted Register Statistics                            ;
+-----------------------------------------------+---------+
; Inverted Register                             ; Fan out ;
+-----------------------------------------------+---------+
; lcd_example:inst|lcd_controller_v2_1:dut|busy ; 1       ;
; contador_relogio:gf|contagemML[0]             ; 8       ;
; Total number of inverted registers = 2        ;         ;
+-----------------------------------------------+---------+


+-------------------------------------------------------------------------------------------------------------------------------------------------------------------------------------+
; Multiplexer Restructuring Statistics (Restructuring Performed)                                                                                                                      ;
+--------------------+-----------+---------------+----------------------+------------------------+------------+-----------------------------------------------------------------------+
; Multiplexer Inputs ; Bus Width ; Baseline Area ; Area if Restructured ; Saving if Restructured ; Registered ; Example Multiplexer Output                                            ;
+--------------------+-----------+---------------+----------------------+------------------------+------------+-----------------------------------------------------------------------+
; 3:1                ; 19 bits   ; 38 LEs        ; 19 LEs               ; 19 LEs                 ; Yes        ; |testecontdisp|debounce:inst8|count[0]                                ;
; 3:1                ; 19 bits   ; 38 LEs        ; 19 LEs               ; 19 LEs                 ; Yes        ; |testecontdisp|debounce:inst11|count[15]                              ;
; 3:1                ; 19 bits   ; 38 LEs        ; 19 LEs               ; 19 LEs                 ; Yes        ; |testecontdisp|debounce:inst9|count[18]                               ;
; 3:1                ; 19 bits   ; 38 LEs        ; 19 LEs               ; 19 LEs                 ; Yes        ; |testecontdisp|debounce:inst10|count[10]                              ;
; 7:1                ; 3 bits    ; 12 LEs        ; 6 LEs                ; 6 LEs                  ; Yes        ; |testecontdisp|lcd_example:inst|lcd_bus[4]                            ;
; 7:1                ; 32 bits   ; 128 LEs       ; 32 LEs               ; 96 LEs                 ; Yes        ; |testecontdisp|lcd_example:inst|lcd_controller_v2_1:dut|clk_count[29] ;
; 14:1               ; 8 bits    ; 72 LEs        ; 56 LEs               ; 16 LEs                 ; Yes        ; |testecontdisp|lcd_example:inst|lcd_controller_v2_1:dut|lcd_data[7]   ;
; 3:1                ; 4 bits    ; 8 LEs         ; 8 LEs                ; 0 LEs                  ; No         ; |testecontdisp|contador_relogio:gf|contagemHL                         ;
+--------------------+-----------+---------------+----------------------+------------------------+------------+-----------------------------------------------------------------------+


+-------------------------------------------------------------+
; Parameter Settings for User Entity Instance: debounce:inst8 ;
+----------------+----------+---------------------------------+
; Parameter Name ; Value    ; Type                            ;
+----------------+----------+---------------------------------+
; clk_freq       ; 50000000 ; Signed Integer                  ;
; stable_time    ; 10       ; Signed Integer                  ;
+----------------+----------+---------------------------------+
Note: In order to hide this table in the UI and the text report file, please set the "Show Parameter Settings in Synthesis Report" option in "Analysis and Synthesis Settings -> More Settings" to "Off".


+-------------------------------------------------------------+
; Parameter Settings for User Entity Instance: debounce:inst9 ;
+----------------+----------+---------------------------------+
; Parameter Name ; Value    ; Type                            ;
+----------------+----------+---------------------------------+
; clk_freq       ; 50000000 ; Signed Integer                  ;
; stable_time    ; 10       ; Signed Integer                  ;
+----------------+----------+---------------------------------+
Note: In order to hide this table in the UI and the text report file, please set the "Show Parameter Settings in Synthesis Report" option in "Analysis and Synthesis Settings -> More Settings" to "Off".


+--------------------------------------------------------------+
; Parameter Settings for User Entity Instance: debounce:inst10 ;
+----------------+----------+----------------------------------+
; Parameter Name ; Value    ; Type                             ;
+----------------+----------+----------------------------------+
; clk_freq       ; 50000000 ; Signed Integer                   ;
; stable_time    ; 10       ; Signed Integer                   ;
+----------------+----------+----------------------------------+
Note: In order to hide this table in the UI and the text report file, please set the "Show Parameter Settings in Synthesis Report" option in "Analysis and Synthesis Settings -> More Settings" to "Off".


+--------------------------------------------------------------+
; Parameter Settings for User Entity Instance: debounce:inst11 ;
+----------------+----------+----------------------------------+
; Parameter Name ; Value    ; Type                             ;
+----------------+----------+----------------------------------+
; clk_freq       ; 50000000 ; Signed Integer                   ;
; stable_time    ; 10       ; Signed Integer                   ;
+----------------+----------+----------------------------------+
Note: In order to hide this table in the UI and the text report file, please set the "Show Parameter Settings in Synthesis Report" option in "Analysis and Synthesis Settings -> More Settings" to "Off".


+----------------------------------------------------------------------+
; Port Connectivity Checks: "lcd_example:inst|lcd_controller_v2_1:dut" ;
+---------+-------+----------+-----------------------------------------+
; Port    ; Type  ; Severity ; Details                                 ;
+---------+-------+----------+-----------------------------------------+
; reset_n ; Input ; Info     ; Stuck at VCC                            ;
+---------+-------+----------+-----------------------------------------+


+-----------------------------------------------------+
; Post-Synthesis Netlist Statistics for Top Partition ;
+-----------------------+-----------------------------+
; Type                  ; Count                       ;
+-----------------------+-----------------------------+
; boundary_port         ; 16                          ;
; cycloneiii_ff         ; 235                         ;
;     ENA               ; 28                          ;
;     ENA SCLR          ; 77                          ;
;     ENA SLD           ; 5                           ;
;     plain             ; 125                         ;
; cycloneiii_lcell_comb ; 581                         ;
;     arith             ; 158                         ;
;         2 data inputs ; 158                         ;
;     normal            ; 423                         ;
;         0 data inputs ; 2                           ;
;         1 data inputs ; 13                          ;
;         2 data inputs ; 91                          ;
;         3 data inputs ; 65                          ;
;         4 data inputs ; 252                         ;
;                       ;                             ;
; Max LUT depth         ; 12.40                       ;
; Average LUT depth     ; 5.15                        ;
+-----------------------+-----------------------------+


+-------------------------------+
; Elapsed Time Per Partition    ;
+----------------+--------------+
; Partition Name ; Elapsed Time ;
+----------------+--------------+
; Top            ; 00:00:01     ;
+----------------+--------------+


+-------------------------------+
; Analysis & Synthesis Messages ;
+-------------------------------+
Info: *******************************************************************
Info: Running Quartus Prime Analysis & Synthesis
    Info: Version 20.1.1 Build 720 11/11/2020 SJ Lite Edition
    Info: Processing started: Tue Apr 06 21:21:47 2021
Info: Command: quartus_map --read_settings_files=on --write_settings_files=off Projeto2 -c Projeto2
Warning (18236): Number of processors has not been specified which may cause overloading on shared machines.  Set the global assignment NUM_PARALLEL_PROCESSORS in your QSF to an appropriate value for best performance.
Info (20030): Parallel compilation is enabled and will use 4 of the 4 processors detected
Info (12021): Found 2 design units, including 1 entities, in source file lcd_controller_v2_1.vhd
    Info (12022): Found design unit 1: lcd_controller_v2_1-controller File: D:/Estudo/Eletrônica Digital/P2/lcd_controller_v2_1.vhd Line: 62
    Info (12023): Found entity 1: lcd_controller_v2_1 File: D:/Estudo/Eletrônica Digital/P2/lcd_controller_v2_1.vhd Line: 51
Info (12021): Found 2 design units, including 1 entities, in source file lcd_example_digikey.vhd
    Info (12022): Found design unit 1: lcd_example_digikey-behavior File: D:/Estudo/Eletrônica Digital/P2/lcd_example_digikey.vhd Line: 36
    Info (12023): Found entity 1: lcd_example_digikey File: D:/Estudo/Eletrônica Digital/P2/lcd_example_digikey.vhd Line: 29
Info (12021): Found 2 design units, including 1 entities, in source file seteseg.vhd
    Info (12022): Found design unit 1: seteseg-behavior File: D:/Estudo/Eletrônica Digital/P2/seteseg.vhd Line: 14
    Info (12023): Found entity 1: seteseg File: D:/Estudo/Eletrônica Digital/P2/seteseg.vhd Line: 5
Info (12021): Found 2 design units, including 1 entities, in source file contador_relogio.vhd
    Info (12022): Found design unit 1: contador_relogio-contar File: D:/Estudo/Eletrônica Digital/P2/contador_relogio.vhd Line: 16
    Info (12023): Found entity 1: contador_relogio File: D:/Estudo/Eletrônica Digital/P2/contador_relogio.vhd Line: 5
Info (12021): Found 2 design units, including 1 entities, in source file divisor.vhd
    Info (12022): Found design unit 1: divisor-Behavioral File: D:/Estudo/Eletrônica Digital/P2/divisor.vhd Line: 11
    Info (12023): Found entity 1: divisor File: D:/Estudo/Eletrônica Digital/P2/divisor.vhd Line: 5
Info (12021): Found 2 design units, including 1 entities, in source file menu.vhd
    Info (12022): Found design unit 1: menu-Behavior File: D:/Estudo/Eletrônica Digital/P2/menu.vhd Line: 12
    Info (12023): Found entity 1: menu File: D:/Estudo/Eletrônica Digital/P2/menu.vhd Line: 6
Info (12021): Found 2 design units, including 1 entities, in source file divisor2s.vhd
    Info (12022): Found design unit 1: divisor2s-Behavioral File: D:/Estudo/Eletrônica Digital/P2/divisor2s.vhd Line: 11
    Info (12023): Found entity 1: divisor2s File: D:/Estudo/Eletrônica Digital/P2/divisor2s.vhd Line: 5
Info (12021): Found 2 design units, including 1 entities, in source file lcd_example.vhd
    Info (12022): Found design unit 1: lcd_example-behavior File: D:/Estudo/Eletrônica Digital/P2/lcd_example.vhd Line: 39
    Info (12023): Found entity 1: lcd_example File: D:/Estudo/Eletrônica Digital/P2/lcd_example.vhd Line: 29
Info (12021): Found 1 design units, including 1 entities, in source file testecontdisp.bdf
    Info (12023): Found entity 1: testecontdisp
Info (12021): Found 2 design units, including 1 entities, in source file comparador.vhd
    Info (12022): Found design unit 1: comparador-comparar File: D:/Estudo/Eletrônica Digital/P2/comparador.vhd Line: 14
    Info (12023): Found entity 1: comparador File: D:/Estudo/Eletrônica Digital/P2/comparador.vhd Line: 5
Info (12021): Found 2 design units, including 1 entities, in source file comparadorpre.vhd
    Info (12022): Found design unit 1: comparadorpre-comparar File: D:/Estudo/Eletrônica Digital/P2/comparadorpre.vhd Line: 15
    Info (12023): Found entity 1: comparadorpre File: D:/Estudo/Eletrônica Digital/P2/comparadorpre.vhd Line: 5
Info (12021): Found 0 design units, including 0 entities, in source file alarme1.vhd
Info (12021): Found 2 design units, including 1 entities, in source file alarme2.vhd
    Info (12022): Found design unit 1: alarme2-comparar File: D:/Estudo/Eletrônica Digital/P2/alarme2.vhd Line: 15
    Info (12023): Found entity 1: alarme2 File: D:/Estudo/Eletrônica Digital/P2/alarme2.vhd Line: 5
Info (12021): Found 2 design units, including 1 entities, in source file alarme3.vhd
    Info (12022): Found design unit 1: alarme3-comparar File: D:/Estudo/Eletrônica Digital/P2/alarme3.vhd Line: 15
    Info (12023): Found entity 1: alarme3 File: D:/Estudo/Eletrônica Digital/P2/alarme3.vhd Line: 5
Info (12127): Elaborating entity "testecontdisp" for the top level hierarchy
Warning (275083): Bus "contador1[3..0]" found using same base name as "contador", which might lead to a name conflict.
Warning (275083): Bus "contador2[3..0]" found using same base name as "contador", which might lead to a name conflict.
Warning (275083): Bus "contador3[3..0]" found using same base name as "contador", which might lead to a name conflict.
Warning (275080): Converted elements in bus name "contador" using legacy naming rules. Make any assignments on the new names, not on the original names.
    Warning (275081): Converted element name(s) from "contador[3..0]" to "contador3..0"
Warning (275080): Converted elements in bus name "contador1" using legacy naming rules. Make any assignments on the new names, not on the original names.
    Warning (275081): Converted element name(s) from "contador1[3..0]" to "contador13..0"
Warning (275080): Converted elements in bus name "contador2" using legacy naming rules. Make any assignments on the new names, not on the original names.
    Warning (275081): Converted element name(s) from "contador2[3..0]" to "contador23..0"
Warning (275080): Converted elements in bus name "contador3" using legacy naming rules. Make any assignments on the new names, not on the original names.
    Warning (275081): Converted element name(s) from "contador3[3..0]" to "contador33..0"
Info (12128): Elaborating entity "lcd_example" for hierarchy "lcd_example:inst"
Warning (10492): VHDL Process Statement warning at lcd_example.vhd(64): signal "load_ena" is read inside the Process Statement but isn't in the Process Statement's sensitivity list File: D:/Estudo/Eletrônica Digital/P2/lcd_example.vhd Line: 64
Warning (10492): VHDL Process Statement warning at lcd_example.vhd(72): signal "contador1" is read inside the Process Statement but isn't in the Process Statement's sensitivity list File: D:/Estudo/Eletrônica Digital/P2/lcd_example.vhd Line: 72
Warning (10492): VHDL Process Statement warning at lcd_example.vhd(73): signal "contador2" is read inside the Process Statement but isn't in the Process Statement's sensitivity list File: D:/Estudo/Eletrônica Digital/P2/lcd_example.vhd Line: 73
Warning (10492): VHDL Process Statement warning at lcd_example.vhd(74): signal "contador3" is read inside the Process Statement but isn't in the Process Statement's sensitivity list File: D:/Estudo/Eletrônica Digital/P2/lcd_example.vhd Line: 74
Warning (10492): VHDL Process Statement warning at lcd_example.vhd(75): signal "contador4" is read inside the Process Statement but isn't in the Process Statement's sensitivity list File: D:/Estudo/Eletrônica Digital/P2/lcd_example.vhd Line: 75
Warning (10492): VHDL Process Statement warning at lcd_example.vhd(76): signal "contador5" is read inside the Process Statement but isn't in the Process Statement's sensitivity list File: D:/Estudo/Eletrônica Digital/P2/lcd_example.vhd Line: 76
Warning (10492): VHDL Process Statement warning at lcd_example.vhd(77): signal "contador6" is read inside the Process Statement but isn't in the Process Statement's sensitivity list File: D:/Estudo/Eletrônica Digital/P2/lcd_example.vhd Line: 77
Info (12128): Elaborating entity "lcd_controller_v2_1" for hierarchy "lcd_example:inst|lcd_controller_v2_1:dut" File: D:/Estudo/Eletrônica Digital/P2/lcd_example.vhd Line: 57
Info (12128): Elaborating entity "comparadorpre" for hierarchy "comparadorpre:inst13"
Warning (10036): Verilog HDL or VHDL warning at comparadorpre.vhd(16): object "pulso" assigned a value but never read File: D:/Estudo/Eletrônica Digital/P2/comparadorpre.vhd Line: 16
Warning (10492): VHDL Process Statement warning at comparadorpre.vhd(25): signal "igual" is read inside the Process Statement but isn't in the Process Statement's sensitivity list File: D:/Estudo/Eletrônica Digital/P2/comparadorpre.vhd Line: 25
Warning (10492): VHDL Process Statement warning at comparadorpre.vhd(26): signal "sl" is read inside the Process Statement but isn't in the Process Statement's sensitivity list File: D:/Estudo/Eletrônica Digital/P2/comparadorpre.vhd Line: 26
Warning (10492): VHDL Process Statement warning at comparadorpre.vhd(26): signal "sh" is read inside the Process Statement but isn't in the Process Statement's sensitivity list File: D:/Estudo/Eletrônica Digital/P2/comparadorpre.vhd Line: 26
Warning (10492): VHDL Process Statement warning at comparadorpre.vhd(26): signal "ml" is read inside the Process Statement but isn't in the Process Statement's sensitivity list File: D:/Estudo/Eletrônica Digital/P2/comparadorpre.vhd Line: 26
Warning (10492): VHDL Process Statement warning at comparadorpre.vhd(26): signal "mh" is read inside the Process Statement but isn't in the Process Statement's sensitivity list File: D:/Estudo/Eletrônica Digital/P2/comparadorpre.vhd Line: 26
Warning (10492): VHDL Process Statement warning at comparadorpre.vhd(26): signal "hl" is read inside the Process Statement but isn't in the Process Statement's sensitivity list File: D:/Estudo/Eletrônica Digital/P2/comparadorpre.vhd Line: 26
Warning (10492): VHDL Process Statement warning at comparadorpre.vhd(26): signal "hh" is read inside the Process Statement but isn't in the Process Statement's sensitivity list File: D:/Estudo/Eletrônica Digital/P2/comparadorpre.vhd Line: 26
Warning (10492): VHDL Process Statement warning at comparadorpre.vhd(33): signal "igual" is read inside the Process Statement but isn't in the Process Statement's sensitivity list File: D:/Estudo/Eletrônica Digital/P2/comparadorpre.vhd Line: 33
Warning (10492): VHDL Process Statement warning at comparadorpre.vhd(104): signal "s1" is read inside the Process Statement but isn't in the Process Statement's sensitivity list File: D:/Estudo/Eletrônica Digital/P2/comparadorpre.vhd Line: 104
Warning (10492): VHDL Process Statement warning at comparadorpre.vhd(110): signal "s2" is read inside the Process Statement but isn't in the Process Statement's sensitivity list File: D:/Estudo/Eletrônica Digital/P2/comparadorpre.vhd Line: 110
Warning (10492): VHDL Process Statement warning at comparadorpre.vhd(110): signal "aux1" is read inside the Process Statement but isn't in the Process Statement's sensitivity list File: D:/Estudo/Eletrônica Digital/P2/comparadorpre.vhd Line: 110
Warning (10492): VHDL Process Statement warning at comparadorpre.vhd(116): signal "s3" is read inside the Process Statement but isn't in the Process Statement's sensitivity list File: D:/Estudo/Eletrônica Digital/P2/comparadorpre.vhd Line: 116
Warning (10492): VHDL Process Statement warning at comparadorpre.vhd(116): signal "aux1" is read inside the Process Statement but isn't in the Process Statement's sensitivity list File: D:/Estudo/Eletrônica Digital/P2/comparadorpre.vhd Line: 116
Warning (10492): VHDL Process Statement warning at comparadorpre.vhd(116): signal "aux2" is read inside the Process Statement but isn't in the Process Statement's sensitivity list File: D:/Estudo/Eletrônica Digital/P2/comparadorpre.vhd Line: 116
Warning (10492): VHDL Process Statement warning at comparadorpre.vhd(122): signal "s4" is read inside the Process Statement but isn't in the Process Statement's sensitivity list File: D:/Estudo/Eletrônica Digital/P2/comparadorpre.vhd Line: 122
Warning (10492): VHDL Process Statement warning at comparadorpre.vhd(122): signal "aux1" is read inside the Process Statement but isn't in the Process Statement's sensitivity list File: D:/Estudo/Eletrônica Digital/P2/comparadorpre.vhd Line: 122
Warning (10492): VHDL Process Statement warning at comparadorpre.vhd(122): signal "aux2" is read inside the Process Statement but isn't in the Process Statement's sensitivity list File: D:/Estudo/Eletrônica Digital/P2/comparadorpre.vhd Line: 122
Warning (10492): VHDL Process Statement warning at comparadorpre.vhd(122): signal "aux3" is read inside the Process Statement but isn't in the Process Statement's sensitivity list File: D:/Estudo/Eletrônica Digital/P2/comparadorpre.vhd Line: 122
Warning (10492): VHDL Process Statement warning at comparadorpre.vhd(130): signal "aux1" is read inside the Process Statement but isn't in the Process Statement's sensitivity list File: D:/Estudo/Eletrônica Digital/P2/comparadorpre.vhd Line: 130
Warning (10492): VHDL Process Statement warning at comparadorpre.vhd(130): signal "aux2" is read inside the Process Statement but isn't in the Process Statement's sensitivity list File: D:/Estudo/Eletrônica Digital/P2/comparadorpre.vhd Line: 130
Warning (10492): VHDL Process Statement warning at comparadorpre.vhd(130): signal "aux3" is read inside the Process Statement but isn't in the Process Statement's sensitivity list File: D:/Estudo/Eletrônica Digital/P2/comparadorpre.vhd Line: 130
Warning (10492): VHDL Process Statement warning at comparadorpre.vhd(130): signal "aux4" is read inside the Process Statement but isn't in the Process Statement's sensitivity list File: D:/Estudo/Eletrônica Digital/P2/comparadorpre.vhd Line: 130
Warning (12125): Using design file debounce.vhd, which is not specified as a design file for the current project, but contains definitions for 2 design units and 1 entities in project
    Info (12022): Found design unit 1: debounce-logic File: D:/Estudo/Eletrônica Digital/P2/debounce.vhd Line: 40
    Info (12023): Found entity 1: debounce File: D:/Estudo/Eletrônica Digital/P2/debounce.vhd Line: 29
Info (12128): Elaborating entity "debounce" for hierarchy "debounce:inst8"
Info (12128): Elaborating entity "contador_relogio" for hierarchy "contador_relogio:gf"
Info (12128): Elaborating entity "divisor" for hierarchy "divisor:inst2"
Info (12128): Elaborating entity "alarme2" for hierarchy "alarme2:inst5"
Warning (10492): VHDL Process Statement warning at alarme2.vhd(25): signal "igual" is read inside the Process Statement but isn't in the Process Statement's sensitivity list File: D:/Estudo/Eletrônica Digital/P2/alarme2.vhd Line: 25
Warning (10492): VHDL Process Statement warning at alarme2.vhd(26): signal "sl" is read inside the Process Statement but isn't in the Process Statement's sensitivity list File: D:/Estudo/Eletrônica Digital/P2/alarme2.vhd Line: 26
Warning (10492): VHDL Process Statement warning at alarme2.vhd(26): signal "sh" is read inside the Process Statement but isn't in the Process Statement's sensitivity list File: D:/Estudo/Eletrônica Digital/P2/alarme2.vhd Line: 26
Warning (10492): VHDL Process Statement warning at alarme2.vhd(26): signal "ml" is read inside the Process Statement but isn't in the Process Statement's sensitivity list File: D:/Estudo/Eletrônica Digital/P2/alarme2.vhd Line: 26
Warning (10492): VHDL Process Statement warning at alarme2.vhd(26): signal "mh" is read inside the Process Statement but isn't in the Process Statement's sensitivity list File: D:/Estudo/Eletrônica Digital/P2/alarme2.vhd Line: 26
Warning (10492): VHDL Process Statement warning at alarme2.vhd(26): signal "hl" is read inside the Process Statement but isn't in the Process Statement's sensitivity list File: D:/Estudo/Eletrônica Digital/P2/alarme2.vhd Line: 26
Warning (10492): VHDL Process Statement warning at alarme2.vhd(26): signal "hh" is read inside the Process Statement but isn't in the Process Statement's sensitivity list File: D:/Estudo/Eletrônica Digital/P2/alarme2.vhd Line: 26
Warning (10492): VHDL Process Statement warning at alarme2.vhd(31): signal "igual" is read inside the Process Statement but isn't in the Process Statement's sensitivity list File: D:/Estudo/Eletrônica Digital/P2/alarme2.vhd Line: 31
Warning (10492): VHDL Process Statement warning at alarme2.vhd(33): signal "s4" is read inside the Process Statement but isn't in the Process Statement's sensitivity list File: D:/Estudo/Eletrônica Digital/P2/alarme2.vhd Line: 33
Warning (10492): VHDL Process Statement warning at alarme2.vhd(38): signal "s3" is read inside the Process Statement but isn't in the Process Statement's sensitivity list File: D:/Estudo/Eletrônica Digital/P2/alarme2.vhd Line: 38
Warning (10492): VHDL Process Statement warning at alarme2.vhd(38): signal "aux4" is read inside the Process Statement but isn't in the Process Statement's sensitivity list File: D:/Estudo/Eletrônica Digital/P2/alarme2.vhd Line: 38
Warning (10492): VHDL Process Statement warning at alarme2.vhd(43): signal "s2" is read inside the Process Statement but isn't in the Process Statement's sensitivity list File: D:/Estudo/Eletrônica Digital/P2/alarme2.vhd Line: 43
Warning (10492): VHDL Process Statement warning at alarme2.vhd(43): signal "aux4" is read inside the Process Statement but isn't in the Process Statement's sensitivity list File: D:/Estudo/Eletrônica Digital/P2/alarme2.vhd Line: 43
Warning (10492): VHDL Process Statement warning at alarme2.vhd(43): signal "aux3" is read inside the Process Statement but isn't in the Process Statement's sensitivity list File: D:/Estudo/Eletrônica Digital/P2/alarme2.vhd Line: 43
Warning (10492): VHDL Process Statement warning at alarme2.vhd(48): signal "s1" is read inside the Process Statement but isn't in the Process Statement's sensitivity list File: D:/Estudo/Eletrônica Digital/P2/alarme2.vhd Line: 48
Warning (10492): VHDL Process Statement warning at alarme2.vhd(48): signal "aux4" is read inside the Process Statement but isn't in the Process Statement's sensitivity list File: D:/Estudo/Eletrônica Digital/P2/alarme2.vhd Line: 48
Warning (10492): VHDL Process Statement warning at alarme2.vhd(48): signal "aux2" is read inside the Process Statement but isn't in the Process Statement's sensitivity list File: D:/Estudo/Eletrônica Digital/P2/alarme2.vhd Line: 48
Warning (10492): VHDL Process Statement warning at alarme2.vhd(48): signal "aux3" is read inside the Process Statement but isn't in the Process Statement's sensitivity list File: D:/Estudo/Eletrônica Digital/P2/alarme2.vhd Line: 48
Warning (10492): VHDL Process Statement warning at alarme2.vhd(53): signal "aux1" is read inside the Process Statement but isn't in the Process Statement's sensitivity list File: D:/Estudo/Eletrônica Digital/P2/alarme2.vhd Line: 53
Warning (10492): VHDL Process Statement warning at alarme2.vhd(53): signal "aux2" is read inside the Process Statement but isn't in the Process Statement's sensitivity list File: D:/Estudo/Eletrônica Digital/P2/alarme2.vhd Line: 53
Warning (10492): VHDL Process Statement warning at alarme2.vhd(53): signal "aux3" is read inside the Process Statement but isn't in the Process Statement's sensitivity list File: D:/Estudo/Eletrônica Digital/P2/alarme2.vhd Line: 53
Warning (10492): VHDL Process Statement warning at alarme2.vhd(53): signal "aux4" is read inside the Process Statement but isn't in the Process Statement's sensitivity list File: D:/Estudo/Eletrônica Digital/P2/alarme2.vhd Line: 53
Info (12128): Elaborating entity "menu" for hierarchy "menu:inst4"
Warning (10492): VHDL Process Statement warning at menu.vhd(17): signal "ena" is read inside the Process Statement but isn't in the Process Statement's sensitivity list File: D:/Estudo/Eletrônica Digital/P2/menu.vhd Line: 17
Info (12128): Elaborating entity "divisor2s" for hierarchy "divisor2s:inst1"
Info (12128): Elaborating entity "alarme3" for hierarchy "alarme3:inst6"
Warning (10492): VHDL Process Statement warning at alarme3.vhd(25): signal "igual" is read inside the Process Statement but isn't in the Process Statement's sensitivity list File: D:/Estudo/Eletrônica Digital/P2/alarme3.vhd Line: 25
Warning (10492): VHDL Process Statement warning at alarme3.vhd(26): signal "sl" is read inside the Process Statement but isn't in the Process Statement's sensitivity list File: D:/Estudo/Eletrônica Digital/P2/alarme3.vhd Line: 26
Warning (10492): VHDL Process Statement warning at alarme3.vhd(26): signal "sh" is read inside the Process Statement but isn't in the Process Statement's sensitivity list File: D:/Estudo/Eletrônica Digital/P2/alarme3.vhd Line: 26
Warning (10492): VHDL Process Statement warning at alarme3.vhd(26): signal "ml" is read inside the Process Statement but isn't in the Process Statement's sensitivity list File: D:/Estudo/Eletrônica Digital/P2/alarme3.vhd Line: 26
Warning (10492): VHDL Process Statement warning at alarme3.vhd(26): signal "mh" is read inside the Process Statement but isn't in the Process Statement's sensitivity list File: D:/Estudo/Eletrônica Digital/P2/alarme3.vhd Line: 26
Warning (10492): VHDL Process Statement warning at alarme3.vhd(26): signal "hl" is read inside the Process Statement but isn't in the Process Statement's sensitivity list File: D:/Estudo/Eletrônica Digital/P2/alarme3.vhd Line: 26
Warning (10492): VHDL Process Statement warning at alarme3.vhd(26): signal "hh" is read inside the Process Statement but isn't in the Process Statement's sensitivity list File: D:/Estudo/Eletrônica Digital/P2/alarme3.vhd Line: 26
Warning (10492): VHDL Process Statement warning at alarme3.vhd(31): signal "igual" is read inside the Process Statement but isn't in the Process Statement's sensitivity list File: D:/Estudo/Eletrônica Digital/P2/alarme3.vhd Line: 31
Warning (10492): VHDL Process Statement warning at alarme3.vhd(33): signal "s4" is read inside the Process Statement but isn't in the Process Statement's sensitivity list File: D:/Estudo/Eletrônica Digital/P2/alarme3.vhd Line: 33
Warning (10492): VHDL Process Statement warning at alarme3.vhd(38): signal "s3" is read inside the Process Statement but isn't in the Process Statement's sensitivity list File: D:/Estudo/Eletrônica Digital/P2/alarme3.vhd Line: 38
Warning (10492): VHDL Process Statement warning at alarme3.vhd(38): signal "aux4" is read inside the Process Statement but isn't in the Process Statement's sensitivity list File: D:/Estudo/Eletrônica Digital/P2/alarme3.vhd Line: 38
Warning (10492): VHDL Process Statement warning at alarme3.vhd(43): signal "s2" is read inside the Process Statement but isn't in the Process Statement's sensitivity list File: D:/Estudo/Eletrônica Digital/P2/alarme3.vhd Line: 43
Warning (10492): VHDL Process Statement warning at alarme3.vhd(43): signal "aux4" is read inside the Process Statement but isn't in the Process Statement's sensitivity list File: D:/Estudo/Eletrônica Digital/P2/alarme3.vhd Line: 43
Warning (10492): VHDL Process Statement warning at alarme3.vhd(43): signal "aux3" is read inside the Process Statement but isn't in the Process Statement's sensitivity list File: D:/Estudo/Eletrônica Digital/P2/alarme3.vhd Line: 43
Warning (10492): VHDL Process Statement warning at alarme3.vhd(48): signal "s1" is read inside the Process Statement but isn't in the Process Statement's sensitivity list File: D:/Estudo/Eletrônica Digital/P2/alarme3.vhd Line: 48
Warning (10492): VHDL Process Statement warning at alarme3.vhd(48): signal "aux4" is read inside the Process Statement but isn't in the Process Statement's sensitivity list File: D:/Estudo/Eletrônica Digital/P2/alarme3.vhd Line: 48
Warning (10492): VHDL Process Statement warning at alarme3.vhd(48): signal "aux2" is read inside the Process Statement but isn't in the Process Statement's sensitivity list File: D:/Estudo/Eletrônica Digital/P2/alarme3.vhd Line: 48
Warning (10492): VHDL Process Statement warning at alarme3.vhd(48): signal "aux3" is read inside the Process Statement but isn't in the Process Statement's sensitivity list File: D:/Estudo/Eletrônica Digital/P2/alarme3.vhd Line: 48
Warning (10492): VHDL Process Statement warning at alarme3.vhd(53): signal "aux1" is read inside the Process Statement but isn't in the Process Statement's sensitivity list File: D:/Estudo/Eletrônica Digital/P2/alarme3.vhd Line: 53
Warning (10492): VHDL Process Statement warning at alarme3.vhd(53): signal "aux2" is read inside the Process Statement but isn't in the Process Statement's sensitivity list File: D:/Estudo/Eletrônica Digital/P2/alarme3.vhd Line: 53
Warning (10492): VHDL Process Statement warning at alarme3.vhd(53): signal "aux3" is read inside the Process Statement but isn't in the Process Statement's sensitivity list File: D:/Estudo/Eletrônica Digital/P2/alarme3.vhd Line: 53
Warning (10492): VHDL Process Statement warning at alarme3.vhd(53): signal "aux4" is read inside the Process Statement but isn't in the Process Statement's sensitivity list File: D:/Estudo/Eletrônica Digital/P2/alarme3.vhd Line: 53
Warning (13024): Output pins are stuck at VCC or GND
    Warning (13410): Pin "rw" is stuck at GND
Info (286030): Timing-Driven Synthesis is running
Info (16010): Generating hard_block partition "hard_block:auto_generated_inst"
    Info (16011): Adding 0 node(s), including 0 DDIO, 0 PLL, 0 transceiver and 0 LCELL
Info (21057): Implemented 609 device resources after synthesis - the final resource count might be different
    Info (21058): Implemented 5 input pins
    Info (21059): Implemented 11 output pins
    Info (21061): Implemented 593 logic cells
Info: Quartus Prime Analysis & Synthesis was successful. 0 errors, 90 warnings
    Info: Peak virtual memory: 4794 megabytes
    Info: Processing ended: Tue Apr 06 21:21:59 2021
    Info: Elapsed time: 00:00:12
    Info: Total CPU time (on all processors): 00:00:20


