Flow report for Projeto2
Mon Apr 05 18:32:02 2021
Quartus Prime Version 20.1.1 Build 720 11/11/2020 SJ Lite Edition


---------------------
; Table of Contents ;
---------------------
  1. Legal Notice
  2. Flow Summary
  3. Flow Settings
  4. Flow Non-Default Global Settings
  5. Flow Elapsed Time
  6. Flow OS Summary
  7. Flow Log
  8. Flow Messages
  9. Flow Suppressed Messages



----------------
; Legal Notice ;
----------------
Copyright (C) 2020  Intel Corporation. All rights reserved.
Your use of Intel Corporation's design tools, logic functions 
and other software and tools, and any partner logic 
functions, and any output files from any of the foregoing 
(including device programming or simulation files), and any 
associated documentation or information are expressly subject 
to the terms and conditions of the Intel Program License 
Subscription Agreement, the Intel Quartus Prime License Agreement,
the Intel FPGA IP License Agreement, or other applicable license
agreement, including, without limitation, that your use is for
the sole purpose of programming logic devices manufactured by
Intel and sold by Intel or its authorized distributors.  Please
refer to the applicable agreement for further details, at
https://fpgasoftware.intel.com/eula.



+----------------------------------------------------------------------------------+
; Flow Summary                                                                     ;
+------------------------------------+---------------------------------------------+
; Flow Status                        ; Successful - Mon Apr 05 18:31:58 2021       ;
; Quartus Prime Version              ; 20.1.1 Build 720 11/11/2020 SJ Lite Edition ;
; Revision Name                      ; Projeto2                                    ;
; Top-level Entity Name              ; testecontdisp                               ;
; Family                             ; Cyclone IV E                                ;
; Device                             ; EP4CE6E22C8                                 ;
; Timing Models                      ; Final                                       ;
; Total logic elements               ; 437 / 6,272 ( 7 % )                         ;
;     Total combinational functions  ; 433 / 6,272 ( 7 % )                         ;
;     Dedicated logic registers      ; 139 / 6,272 ( 2 % )                         ;
; Total registers                    ; 139                                         ;
; Total pins                         ; 18 / 92 ( 20 % )                            ;
; Total virtual pins                 ; 0                                           ;
; Total memory bits                  ; 0 / 276,480 ( 0 % )                         ;
; Embedded Multiplier 9-bit elements ; 0 / 30 ( 0 % )                              ;
; Total PLLs                         ; 0 / 2 ( 0 % )                               ;
+------------------------------------+---------------------------------------------+


+-----------------------------------------+
; Flow Settings                           ;
+-------------------+---------------------+
; Option            ; Setting             ;
+-------------------+---------------------+
; Start date & time ; 04/05/2021 18:31:36 ;
; Main task         ; Compilation         ;
; Revision Name     ; Projeto2            ;
+-------------------+---------------------+


+---------------------------------------------------------------------------------------------------------------------------+
; Flow Non-Default Global Settings                                                                                          ;
+-------------------------------------+----------------------------------------+---------------+---------------+------------+
; Assignment Name                     ; Value                                  ; Default Value ; Entity Name   ; Section Id ;
+-------------------------------------+----------------------------------------+---------------+---------------+------------+
; COMPILER_SIGNATURE_ID               ; 88230082277152.161765829608288         ; --            ; --            ; --         ;
; MAX_CORE_JUNCTION_TEMP              ; 85                                     ; --            ; --            ; --         ;
; MIN_CORE_JUNCTION_TEMP              ; 0                                      ; --            ; --            ; --         ;
; NOMINAL_CORE_SUPPLY_VOLTAGE         ; 1.2V                                   ; --            ; --            ; --         ;
; PARTITION_COLOR                     ; -- (Not supported for targeted family) ; --            ; testecontdisp ; Top        ;
; PARTITION_FITTER_PRESERVATION_LEVEL ; -- (Not supported for targeted family) ; --            ; testecontdisp ; Top        ;
; PARTITION_NETLIST_TYPE              ; -- (Not supported for targeted family) ; --            ; testecontdisp ; Top        ;
; PROJECT_OUTPUT_DIRECTORY            ; output_files                           ; --            ; --            ; --         ;
; TOP_LEVEL_ENTITY                    ; testecontdisp                          ; Projeto2      ; --            ; --         ;
+-------------------------------------+----------------------------------------+---------------+---------------+------------+


+--------------------------------------------------------------------------------------------------------------------------+
; Flow Elapsed Time                                                                                                        ;
+----------------------+--------------+-------------------------+---------------------+------------------------------------+
; Module Name          ; Elapsed Time ; Average Processors Used ; Peak Virtual Memory ; Total CPU Time (on all processors) ;
+----------------------+--------------+-------------------------+---------------------+------------------------------------+
; Analysis & Synthesis ; 00:00:14     ; 1.0                     ; 4790 MB             ; 00:00:24                           ;
; Fitter               ; 00:00:06     ; 1.0                     ; 5505 MB             ; 00:00:07                           ;
; Assembler            ; 00:00:00     ; 1.0                     ; 4686 MB             ; 00:00:01                           ;
; Timing Analyzer      ; 00:00:03     ; 1.0                     ; 4768 MB             ; 00:00:02                           ;
; Total                ; 00:00:23     ; --                      ; --                  ; 00:00:34                           ;
+----------------------+--------------+-------------------------+---------------------+------------------------------------+


+------------------------------------------------------------------------------------+
; Flow OS Summary                                                                    ;
+----------------------+------------------+------------+------------+----------------+
; Module Name          ; Machine Hostname ; OS Name    ; OS Version ; Processor type ;
+----------------------+------------------+------------+------------+----------------+
; Analysis & Synthesis ; DESKTOP-UH433K8  ; Windows 10 ; 10.0       ; x86_64         ;
; Fitter               ; DESKTOP-UH433K8  ; Windows 10 ; 10.0       ; x86_64         ;
; Assembler            ; DESKTOP-UH433K8  ; Windows 10 ; 10.0       ; x86_64         ;
; Timing Analyzer      ; DESKTOP-UH433K8  ; Windows 10 ; 10.0       ; x86_64         ;
+----------------------+------------------+------------+------------+----------------+


------------
; Flow Log ;
------------
quartus_map --read_settings_files=on --write_settings_files=off Projeto2 -c Projeto2
quartus_fit --read_settings_files=off --write_settings_files=off Projeto2 -c Projeto2
quartus_asm --read_settings_files=off --write_settings_files=off Projeto2 -c Projeto2
quartus_sta Projeto2 -c Projeto2



